<?xml version="1.0" encoding="UTF-8"?>
<!-- Generated by org.testng.reporters.JUnitReportReporter -->
<testsuite hostname="DESKTOP-LA8F5TA" failures="0" tests="2" name="com.farmersinsurance.craft.ApiKeys" time="0.928" errors="0" timestamp="2021-10-10T23:15:05 PDT" skipped="0">
  <testcase classname="com.farmersinsurance.craft.ApiKeys" name="testCheckInvalidKey" time="0.384"/>
  <system-out/>
  <testcase classname="com.farmersinsurance.craft.ApiKeys" name="testCheckKey" time="0.544"/>
  <system-out/>
</testsuite> <!-- com.farmersinsurance.craft.ApiKeys -->
