<?xml version="1.0" encoding="UTF-8"?>
<!-- Generated by org.testng.reporters.JUnitReportReporter -->
<testsuite hostname="DESKTOP-LA8F5TA" failures="0" tests="4" name="com.farmersinsurance.craft.Date" time="2.680" errors="0" timestamp="2021-10-10T23:15:05 PDT" skipped="0">
  <testcase classname="com.farmersinsurance.craft.Date" name="testCheckInvalidDateFormat" time="0.406"/>
  <system-out/>
  <testcase classname="com.farmersinsurance.craft.Date" name="testCheckInvalidDate" time="0.419"/>
  <system-out/>
  <testcase classname="com.farmersinsurance.craft.Date" name="testCheckOutOfRange" time="0.380"/>
  <system-out/>
  <testcase classname="com.farmersinsurance.craft.Date" name="testCheckDate" time="1.475"/>
  <system-out/>
</testsuite> <!-- com.farmersinsurance.craft.Date -->
