<?xml version="1.0" encoding="UTF-8"?>
<!-- Generated by org.testng.reporters.JUnitReportReporter -->
<testsuite hostname="DESKTOP-LA8F5TA" failures="0" tests="1" name="com.farmersinsurance.craft.CraftChallenge" time="1.377" errors="0" timestamp="2021-10-09T00:38:01 PDT" skipped="0">
  <testcase classname="com.farmersinsurance.craft.CraftChallenge" name="checkInvalidDate" time="1.377"/>
  <system-out/>
</testsuite> <!-- com.farmersinsurance.craft.CraftChallenge -->
